e:\c++\gamecpp\engine\x64\debug\graphics.obj
e:\c++\gamecpp\engine\x64\debug\dxerr.obj
e:\c++\gamecpp\engine\x64\debug\mainwindow.obj
e:\c++\gamecpp\engine\x64\debug\game.obj
e:\c++\gamecpp\engine\x64\debug\mouse.obj
e:\c++\gamecpp\engine\x64\debug\keyboard.obj
e:\c++\gamecpp\engine\x64\debug\main.obj
e:\c++\gamecpp\engine\x64\debug\vc140.pdb
e:\c++\gamecpp\engine\x64\debug\vc140.idb
e:\c++\gamecpp\engine\framebufferps.shh
e:\c++\gamecpp\engine\framebuffervs.shh
e:\c++\gamecpp\x64\debug\engine.ilk
e:\c++\gamecpp\x64\debug\engine.exe
e:\c++\gamecpp\x64\debug\engine.pdb
e:\c++\gamecpp\engine\x64\debug\resource.res
e:\c++\gamecpp\engine\x64\debug\game.obj.enc
e:\c++\gamecpp\engine\x64\debug\engine.tlog\cl.command.1.tlog
e:\c++\gamecpp\engine\x64\debug\engine.tlog\cl.read.1.tlog
e:\c++\gamecpp\engine\x64\debug\engine.tlog\cl.write.1.tlog
e:\c++\gamecpp\engine\x64\debug\engine.tlog\engine.write.1u.tlog
e:\c++\gamecpp\engine\x64\debug\engine.tlog\fxc.command.1.tlog
e:\c++\gamecpp\engine\x64\debug\engine.tlog\fxc.read.1.tlog
e:\c++\gamecpp\engine\x64\debug\engine.tlog\fxc.write.1.tlog
e:\c++\gamecpp\engine\x64\debug\engine.tlog\link.command.1.tlog
e:\c++\gamecpp\engine\x64\debug\engine.tlog\link.read.1.tlog
e:\c++\gamecpp\engine\x64\debug\engine.tlog\link.write.1.tlog
e:\c++\gamecpp\engine\x64\debug\engine.tlog\rc.command.1.tlog
e:\c++\gamecpp\engine\x64\debug\engine.tlog\rc.read.1.tlog
e:\c++\gamecpp\engine\x64\debug\engine.tlog\rc.write.1.tlog
